<?xml version="1.0" encoding="UTF-8"?>
<testng-results ignored="5" total="11" passed="6" failed="0" skipped="0">
  <reporter-output>
  </reporter-output>
  <suite started-at="2023-05-04T17:48:08 IST" name="All Test Suite" finished-at="2023-05-04T17:49:03 IST" duration-ms="54791">
    <groups>
    </groups>
    <test started-at="2023-05-04T17:48:08 IST" name="/Users/saurabhkansal/IdeaProjects/YouTubeAutomation/.idea" finished-at="2023-05-04T17:49:03 IST" duration-ms="54791">
      <class name="org.example.YouTubeVideoPlayerPageTest">
        <test-method signature="testAddToPlaylist()[pri:0, instance:org.example.YouTubeVideoPlayerPageTest@433d61fb]" started-at="2023-05-04T17:48:32 IST" name="testAddToPlaylist" finished-at="2023-05-04T17:48:47 IST" duration-ms="14892" status="PASS">
          <reporter-output>
          </reporter-output>
        </test-method> <!-- testAddToPlaylist -->
      </class> <!-- org.example.YouTubeVideoPlayerPageTest -->
      <class name="org.example.DeletePlaylistPageTest">
        <test-method signature="testDeletePlaylist()[pri:0, instance:org.example.DeletePlaylistPageTest@4b14c583]" started-at="2023-05-04T17:48:56 IST" name="testDeletePlaylist" finished-at="2023-05-04T17:48:56 IST" duration-ms="2" status="PASS">
          <reporter-output>
          </reporter-output>
        </test-method> <!-- testDeletePlaylist -->
      </class> <!-- org.example.DeletePlaylistPageTest -->
      <class name="org.example.RenamePlaylistPageTest">
        <test-method signature="testRenamePlaylist()[pri:0, instance:org.example.RenamePlaylistPageTest@5c909414]" started-at="2023-05-04T17:48:47 IST" name="testRenamePlaylist" finished-at="2023-05-04T17:48:56 IST" duration-ms="8986" status="PASS">
          <reporter-output>
          </reporter-output>
        </test-method> <!-- testRenamePlaylist -->
      </class> <!-- org.example.RenamePlaylistPageTest -->
      <class name="org.example.LogoutPageTest">
        <test-method signature="testLogout()[pri:0, instance:org.example.LogoutPageTest@65466a6a]" started-at="2023-05-04T17:48:56 IST" name="testLogout" finished-at="2023-05-04T17:49:03 IST" duration-ms="7330" status="PASS">
          <reporter-output>
          </reporter-output>
        </test-method> <!-- testLogout -->
      </class> <!-- org.example.LogoutPageTest -->
      <class name="org.example.YouTubeSearchResultsPageTest">
        <test-method signature="testSearch()[pri:0, instance:org.example.YouTubeSearchResultsPageTest@5cee5251]" started-at="2023-05-04T17:48:24 IST" name="testSearch" finished-at="2023-05-04T17:48:32 IST" duration-ms="8411" status="PASS">
          <reporter-output>
          </reporter-output>
        </test-method> <!-- testSearch -->
      </class> <!-- org.example.YouTubeSearchResultsPageTest -->
      <class name="org.example.YouTubeHomePageTest">
        <test-method is-config="true" signature="setUp()[pri:0, instance:org.example.YouTubeHomePageTest@4b5a5ed1]" started-at="2023-05-04T17:48:05 IST" name="setUp" finished-at="2023-05-04T17:48:08 IST" duration-ms="3292" status="PASS">
          <reporter-output>
          </reporter-output>
        </test-method> <!-- setUp -->
        <test-method signature="testSignIn()[pri:0, instance:org.example.YouTubeHomePageTest@4b5a5ed1]" started-at="2023-05-04T17:48:08 IST" name="testSignIn" finished-at="2023-05-04T17:48:24 IST" duration-ms="15120" status="PASS">
          <reporter-output>
          </reporter-output>
        </test-method> <!-- testSignIn -->
      </class> <!-- org.example.YouTubeHomePageTest -->
    </test> <!-- /Users/saurabhkansal/IdeaProjects/YouTubeAutomation/.idea -->
  </suite> <!-- All Test Suite -->
</testng-results>
