<?xml version="1.0" encoding="UTF-8"?>
<!-- Generated by org.testng.reporters.JUnitXMLReporter -->
<testsuite ignored="5" hostname="Saurabhs-MacBook-Pro.local" failures="0" tests="6" name="/Users/saurabhkansal/IdeaProjects/YouTubeAutomation/.idea" time="54.791" errors="0" timestamp="2023-05-04T17:49:03 IST">
  <testcase classname="org.example.YouTubeHomePageTest" name="testSignIn" time="15.12"/>
  <testcase classname="org.example.YouTubeSearchResultsPageTest" name="testSearch" time="8.411"/>
  <testcase classname="org.example.YouTubeVideoPlayerPageTest" name="testAddToPlaylist" time="14.892"/>
  <testcase classname="org.example.RenamePlaylistPageTest" name="testRenamePlaylist" time="8.986"/>
  <testcase classname="org.example.DeletePlaylistPageTest" name="testDeletePlaylist" time="0.002"/>
  <testcase classname="org.example.LogoutPageTest" name="testLogout" time="7.33"/>
  <testcase classname="org.example.TestBase" name="@BeforeSuite setUp" time="0.0">
    <ignored/>
  </testcase> <!-- @BeforeSuite setUp -->
  <testcase classname="org.example.TestBase" name="@BeforeSuite setUp" time="0.0">
    <ignored/>
  </testcase> <!-- @BeforeSuite setUp -->
  <testcase classname="org.example.TestBase" name="@BeforeSuite setUp" time="0.0">
    <ignored/>
  </testcase> <!-- @BeforeSuite setUp -->
  <testcase classname="org.example.TestBase" name="@BeforeSuite setUp" time="0.0">
    <ignored/>
  </testcase> <!-- @BeforeSuite setUp -->
  <testcase classname="org.example.TestBase" name="@BeforeSuite setUp" time="0.0">
    <ignored/>
  </testcase> <!-- @BeforeSuite setUp -->
</testsuite> <!-- /Users/saurabhkansal/IdeaProjects/YouTubeAutomation/.idea -->
